Arguments: 
  E:\nodeJS\node.exe C:\Users\xerox\AppData\Roaming\npm\node_modules\yarn\bin\yarn.js add -D [200~ typescript@* eslint@^7.12.1 eslint-plugin-promise@^5.0.0 eslint-plugin-import@^2.22.1 eslint-plugin-node@^11.1.0 @typescript-eslint/eslint-plugin@^4.0.1 eslint-config-standard-with-typescript@latest~

PATH: 
  C:\Users\xerox\bin;E:\Git\mingw64\bin;E:\Git\usr\local\bin;E:\Git\usr\bin;E:\Git\usr\bin;E:\Git\mingw64\bin;E:\Git\usr\bin;C:\Users\xerox\bin;C:\WINDOWS\system32;C:\WINDOWS;C:\WINDOWS\System32\Wbem;C:\WINDOWS\System32\WindowsPowerShell\v1.0;C:\WINDOWS\System32\OpenSSH;C:\Program Files (x86)\NVIDIA Corporation\PhysX\Common;C:\Program Files\NVIDIA Corporation\NVIDIA NvDLISR;E:\nodeJS;E:\Git\cmd;C:\Program Files\Docker\Docker\resources\bin;C:\ProgramData\DockerDesktop\version-bin;C:\Users\xerox\AppData\Local\Microsoft\WindowsApps;C:\Users\xerox\AppData\Roaming\npm;E:\Microsoft VS Code\bin;E:\Git\usr\bin\vendor_perl;E:\Git\usr\bin\core_perl

Yarn version: 
  1.22.17

Node version: 
  16.14.0

Platform: 
  win32 x64

Trace: 
  TypeError [ERR_UNESCAPED_CHARACTERS]: https://registry.yarnpkg.com/[200~: Request path contains unescaped characters
      at new NodeError (node:internal/errors:371:5)
      at new ClientRequest (node:_http_client:154:13)
      at Object.request (node:https:353:10)
      at Request.module.exports.Request.start (C:\Users\xerox\AppData\Roaming\npm\node_modules\yarn\lib\cli.js:141445:32)
      at Request.module.exports.Request.end (C:\Users\xerox\AppData\Roaming\npm\node_modules\yarn\lib\cli.js:142204:10)
      at end (C:\Users\xerox\AppData\Roaming\npm\node_modules\yarn\lib\cli.js:141258:14)
      at Immediate.<anonymous> (C:\Users\xerox\AppData\Roaming\npm\node_modules\yarn\lib\cli.js:141272:7)
      at processImmediate (node:internal/timers:466:21)

npm manifest: 
  {
    "name": "api-ts-mongo",
    "version": "1.0.0",
    "main": "index.js",
    "repository": "https://github.com/marquespq/api-ts-mongo.git",
    "author": "Gabriel Borba Marques <xeroxsulensino@hotmail.com>",
    "license": "MIT",
    "devDependencies": {
      "@types/node": "^17.0.21",
      "git-commit-msg-linter": "^4.1.1",
      "typescript": "^4.6.2"
    }
  }

yarn manifest: 
  No manifest

Lockfile: 
  # THIS IS AN AUTOGENERATED FILE. DO NOT EDIT THIS FILE DIRECTLY.
  # yarn lockfile v1
  
  
  "@types/node@^17.0.21":
    version "17.0.21"
    resolved "https://registry.yarnpkg.com/@types/node/-/node-17.0.21.tgz#864b987c0c68d07b4345845c3e63b75edd143644"
    integrity sha512-DBZCJbhII3r90XbQxI8Y9IjjiiOGlZ0Hr32omXIZvwwZ7p4DMMXGrKXVyPfuoBOri9XNtL0UK69jYIBIsRX3QQ==
  
  ansi-styles@^3.2.1:
    version "3.2.1"
    resolved "https://registry.yarnpkg.com/ansi-styles/-/ansi-styles-3.2.1.tgz#41fbb20243e50b12be0f04b8dedbf07520ce841d"
    integrity sha512-VT0ZI6kZRdTh8YyJw3SMbYm/u+NqfsAxEpWO0Pf9sq8/e94WxxOpPKx9FR1FlyCtOVDNOQ+8ntlqFxiRc+r5qA==
    dependencies:
      color-convert "^1.9.0"
  
  chalk@^2.4.2:
    version "2.4.2"
    resolved "https://registry.yarnpkg.com/chalk/-/chalk-2.4.2.tgz#cd42541677a54333cf541a49108c1432b44c9424"
    integrity sha512-Mti+f9lpJNcwF4tWV8/OrTTtF1gZi+f8FqlyAdouralcFWFQWF2+NgCHShjkCb+IFBLq9buZwE1xckQU4peSuQ==
    dependencies:
      ansi-styles "^3.2.1"
      escape-string-regexp "^1.0.5"
      supports-color "^5.3.0"
  
  color-convert@^1.9.0:
    version "1.9.3"
    resolved "https://registry.yarnpkg.com/color-convert/-/color-convert-1.9.3.tgz#bb71850690e1f136567de629d2d5471deda4c1e8"
    integrity sha512-QfAUtd+vFdAtFQcC8CCyYt1fYWxSqAiK2cSD6zDB8N3cpsEBAvRxp9zOGg6G/SHHJYAT88/az/IuDGALsNVbGg==
    dependencies:
      color-name "1.1.3"
  
  color-name@1.1.3:
    version "1.1.3"
    resolved "https://registry.yarnpkg.com/color-name/-/color-name-1.1.3.tgz#a7d0558bd89c42f795dd42328f740831ca53bc25"
    integrity sha1-p9BVi9icQveV3UIyj3QIMcpTvCU=
  
  did-you-mean@^0.0.1:
    version "0.0.1"
    resolved "https://registry.yarnpkg.com/did-you-mean/-/did-you-mean-0.0.1.tgz#8851ce82407903cb62c12cb6ad4f676921ccdec3"
    integrity sha1-iFHOgkB5A8tiwSy2rU9naSHM3sM=
    dependencies:
      levenshtein "*"
      underscore "*"
  
  escape-string-regexp@^1.0.5:
    version "1.0.5"
    resolved "https://registry.yarnpkg.com/escape-string-regexp/-/escape-string-regexp-1.0.5.tgz#1b61c0562190a8dff6ae3bb2cf0200ca130b86d4"
    integrity sha1-G2HAViGQqN/2rjuyzwIAyhMLhtQ=
  
  git-commit-msg-linter@^4.1.1:
    version "4.1.1"
    resolved "https://registry.yarnpkg.com/git-commit-msg-linter/-/git-commit-msg-linter-4.1.1.tgz#e6434078b0f10a5d8fbb60c67865feeed3d89443"
    integrity sha512-NGwrrSiPbhQYEfVoFIFRjt3QZ9U4eKZseg2s+cT8pCJkkZlMB8BfvMPWKmbPDD7O70VfLU8fjG7CVQJzKkIkhQ==
    dependencies:
      chalk "^2.4.2"
      did-you-mean "^0.0.1"
      supports-color "^8.1.1"
  
  has-flag@^3.0.0:
    version "3.0.0"
    resolved "https://registry.yarnpkg.com/has-flag/-/has-flag-3.0.0.tgz#b5d454dc2199ae225699f3467e5a07f3b955bafd"
    integrity sha1-tdRU3CGZriJWmfNGfloH87lVuv0=
  
  has-flag@^4.0.0:
    version "4.0.0"
    resolved "https://registry.yarnpkg.com/has-flag/-/has-flag-4.0.0.tgz#944771fd9c81c81265c4d6941860da06bb59479b"
    integrity sha512-EykJT/Q1KjTWctppgIAgfSO0tKVuZUjhgMr17kqTumMl6Afv3EISleU7qZUzoXDFTAHTDC4NOoG/ZxU3EvlMPQ==
  
  levenshtein@*:
    version "1.0.5"
    resolved "https://registry.yarnpkg.com/levenshtein/-/levenshtein-1.0.5.tgz#3911737a9cb56da345d008f55782c6f138979ba3"
    integrity sha1-ORFzepy1baNF0Aj1V4LG8TiXm6M=
  
  supports-color@^5.3.0:
    version "5.5.0"
    resolved "https://registry.yarnpkg.com/supports-color/-/supports-color-5.5.0.tgz#e2e69a44ac8772f78a1ec0b35b689df6530efc8f"
    integrity sha512-QjVjwdXIt408MIiAqCX4oUKsgU2EqAGzs2Ppkm4aQYbjm+ZEWEcW4SfFNTr4uMNZma0ey4f5lgLrkB0aX0QMow==
    dependencies:
      has-flag "^3.0.0"
  
  supports-color@^8.1.1:
    version "8.1.1"
    resolved "https://registry.yarnpkg.com/supports-color/-/supports-color-8.1.1.tgz#cd6fc17e28500cff56c1b86c0a7fd4a54a73005c"
    integrity sha512-MpUEN2OodtUzxvKQl72cUF7RQ5EiHsGvSsVG0ia9c5RbWGL2CI4C7EpPS8UTBIplnlzZiNuV56w+FuNxy3ty2Q==
    dependencies:
      has-flag "^4.0.0"
  
  typescript@^4.6.2:
    version "4.6.2"
    resolved "https://registry.yarnpkg.com/typescript/-/typescript-4.6.2.tgz#fe12d2727b708f4eef40f51598b3398baa9611d4"
    integrity sha512-HM/hFigTBHZhLXshn9sN37H085+hQGeJHJ/X7LpBWLID/fbc2acUMfU+lGD98X81sKP+pFa9f0DZmCwB9GnbAg==
  
  underscore@*:
    version "1.13.2"
    resolved "https://registry.yarnpkg.com/underscore/-/underscore-1.13.2.tgz#276cea1e8b9722a8dbed0100a407dda572125881"
    integrity sha512-ekY1NhRzq0B08g4bGuX4wd2jZx5GnKz6mKSqFL4nqBlfyMGiG10gDFhDTMEfYmDL6Jy0FUIZp7wiRB+0BP7J2g==
